<?xml version="1.0" encoding="UTF-8"?>
<!-- Generated by org.testng.reporters.JUnitReportReporter -->
<testsuite hostname="loadrunner-PC" name="com.testngtest.TestNgPrg" tests="3" failures="0" timestamp="22 Mar 2016 12:10:42 GMT" time="0.002" errors="0">
  <testcase name="Third" time="0.001" classname="com.testngtest.TestNgPrg"/>
  <testcase name="Second" time="0.000" classname="com.testngtest.TestNgPrg"/>
  <testcase name="First" time="0.001" classname="com.testngtest.TestNgPrg"/>
</testsuite> <!-- com.testngtest.TestNgPrg -->
