<?xml version="1.0" encoding="UTF-8"?>
<!-- Generated by org.testng.reporters.JUnitReportReporter -->
<testsuite hostname="loadrunner-PC" name="com.testngtest.GoogleLinks" tests="1" failures="0" timestamp="22 Mar 2016 12:10:42 GMT" time="8.540" errors="0">
  <testcase name="link" time="8.540" classname="com.testngtest.GoogleLinks"/>
</testsuite> <!-- com.testngtest.GoogleLinks -->
