<?xml version="1.0" encoding="UTF-8"?>
<!-- Generated by org.testng.reporters.JUnitReportReporter -->
<testsuite hostname="loadrunner-PC" name="com.testngtest.BeforeAfter" tests="1" failures="0" timestamp="22 Mar 2016 12:10:42 GMT" time="0.179" errors="0">
  <testcase name="link" time="0.179" classname="com.testngtest.BeforeAfter"/>
</testsuite> <!-- com.testngtest.BeforeAfter -->
