<?xml version="1.0" encoding="UTF-8"?>
<!-- Generated by org.testng.reporters.JUnitReportReporter -->
<testsuite hostname="loadrunner-PC" name="com.excel.LoginusingKeywords" tests="1" failures="0" timestamp="31 Mar 2016 07:12:54 GMT" time="15.740" errors="0">
  <testcase name="loginTest" time="15.740" classname="com.excel.LoginusingKeywords"/>
</testsuite> <!-- com.excel.LoginusingKeywords -->
