<?xml version="1.0" encoding="UTF-8"?>
<!-- Generated by org.testng.reporters.JUnitReportReporter -->
<testsuite hostname="loadrunner-PC" name="com.testngtest.MultipleTestNg" tests="1" failures="0" timestamp="22 Mar 2016 12:10:42 GMT" time="0.011" errors="0">
  <testcase name="Gmail" time="0.011" classname="com.testngtest.MultipleTestNg"/>
</testsuite> <!-- com.testngtest.MultipleTestNg -->
